This is pdfTeX, Version 3.1415926-2.4-1.40.13 (MiKTeX 2.9 64-bit) (preloaded format=pdflatex 2013.8.28)  13 MAR 2014 22:25
entering extended mode
**ex.tex
(C:\Users\Stern\Dropbox\Spring_2014\CS4220-SP2014\3410proj\ex.tex
LaTeX2e <2011/06/27>
Babel <v3.8m> and hyphenation patterns for english, afrikaans, ancientgreek, ar
abic, armenian, assamese, basque, bengali, bokmal, bulgarian, catalan, coptic, 
croatian, czech, danish, dutch, esperanto, estonian, farsi, finnish, french, ga
lician, german, german-x-2012-05-30, greek, gujarati, hindi, hungarian, iceland
ic, indonesian, interlingua, irish, italian, kannada, kurmanji, latin, latvian,
 lithuanian, malayalam, marathi, mongolian, mongolianlmc, monogreek, ngerman, n
german-x-2012-05-30, nynorsk, oriya, panjabi, pinyin, polish, portuguese, roman
ian, russian, sanskrit, serbian, slovak, slovenian, spanish, swedish, swissgerm
an, tamil, telugu, turkish, turkmen, ukenglish, ukrainian, uppersorbian, usengl
ishmax, welsh, loaded.
("C:\Program Files\MiKTeX 2.9\tex\latex\base\article.cls"
Document Class: article 2007/10/19 v1.4h Standard LaTeX document class
("C:\Program Files\MiKTeX 2.9\tex\latex\base\size10.clo"
File: size10.clo 2007/10/19 v1.4h Standard LaTeX file (size option)
)
\c@part=\count79
\c@section=\count80
\c@subsection=\count81
\c@subsubsection=\count82
\c@paragraph=\count83
\c@subparagraph=\count84
\c@figure=\count85
\c@table=\count86
\abovecaptionskip=\skip41
\belowcaptionskip=\skip42
\bibindent=\dimen102
)
("C:\Program Files\MiKTeX 2.9\tex\latex\amsmath\amsmath.sty"
Package: amsmath 2013/01/14 v2.14 AMS math features
\@mathmargin=\skip43

For additional information on amsmath, use the `?' option.
("C:\Program Files\MiKTeX 2.9\tex\latex\amsmath\amstext.sty"
Package: amstext 2000/06/29 v2.01

("C:\Program Files\MiKTeX 2.9\tex\latex\amsmath\amsgen.sty"
File: amsgen.sty 1999/11/30 v2.0
\@emptytoks=\toks14
\ex@=\dimen103
))
("C:\Program Files\MiKTeX 2.9\tex\latex\amsmath\amsbsy.sty"
Package: amsbsy 1999/11/29 v1.2d
\pmbraise@=\dimen104
)
("C:\Program Files\MiKTeX 2.9\tex\latex\amsmath\amsopn.sty"
Package: amsopn 1999/12/14 v2.01 operator names
)
\inf@bad=\count87
LaTeX Info: Redefining \frac on input line 210.
\uproot@=\count88
\leftroot@=\count89
LaTeX Info: Redefining \overline on input line 306.
\classnum@=\count90
\DOTSCASE@=\count91
LaTeX Info: Redefining \ldots on input line 378.
LaTeX Info: Redefining \dots on input line 381.
LaTeX Info: Redefining \cdots on input line 466.
\Mathstrutbox@=\box26
\strutbox@=\box27
\big@size=\dimen105
LaTeX Font Info:    Redeclaring font encoding OML on input line 566.
LaTeX Font Info:    Redeclaring font encoding OMS on input line 567.
\macc@depth=\count92
\c@MaxMatrixCols=\count93
\dotsspace@=\muskip10
\c@parentequation=\count94
\dspbrk@lvl=\count95
\tag@help=\toks15
\row@=\count96
\column@=\count97
\maxfields@=\count98
\andhelp@=\toks16
\eqnshift@=\dimen106
\alignsep@=\dimen107
\tagshift@=\dimen108
\tagwidth@=\dimen109
\totwidth@=\dimen110
\lineht@=\dimen111
\@envbody=\toks17
\multlinegap=\skip44
\multlinetaggap=\skip45
\mathdisplay@stack=\toks18
LaTeX Info: Redefining \[ on input line 2665.
LaTeX Info: Redefining \] on input line 2666.
)
("C:\Program Files\MiKTeX 2.9\tex\latex\graphics\graphicx.sty"
Package: graphicx 1999/02/16 v1.0f Enhanced LaTeX Graphics (DPC,SPQR)

("C:\Program Files\MiKTeX 2.9\tex\latex\graphics\keyval.sty"
Package: keyval 1999/03/16 v1.13 key=value parser (DPC)
\KV@toks@=\toks19
)
("C:\Program Files\MiKTeX 2.9\tex\latex\graphics\graphics.sty"
Package: graphics 2009/02/05 v1.0o Standard LaTeX Graphics (DPC,SPQR)

("C:\Program Files\MiKTeX 2.9\tex\latex\graphics\trig.sty"
Package: trig 1999/03/16 v1.09 sin cos tan (DPC)
)
("C:\Program Files\MiKTeX 2.9\tex\latex\00miktex\graphics.cfg"
File: graphics.cfg 2007/01/18 v1.5 graphics configuration of teTeX/TeXLive
)
Package graphics Info: Driver file: pdftex.def on input line 91.

("C:\Program Files\MiKTeX 2.9\tex\latex\pdftex-def\pdftex.def"
File: pdftex.def 2011/05/27 v0.06d Graphics/color for pdfTeX

("C:\Program Files\MiKTeX 2.9\tex\generic\oberdiek\infwarerr.sty"
Package: infwarerr 2010/04/08 v1.3 Providing info/warning/error messages (HO)
)
("C:\Program Files\MiKTeX 2.9\tex\generic\oberdiek\ltxcmds.sty"
Package: ltxcmds 2011/11/09 v1.22 LaTeX kernel commands for general use (HO)
)
\Gread@gobject=\count99
))
\Gin@req@height=\dimen112
\Gin@req@width=\dimen113
)
(C:\Users\Stern\Dropbox\Spring_2014\CS4220-SP2014\3410proj\ex.aux)
LaTeX Font Info:    Checking defaults for OML/cmm/m/it on input line 4.
LaTeX Font Info:    ... okay on input line 4.
LaTeX Font Info:    Checking defaults for T1/cmr/m/n on input line 4.
LaTeX Font Info:    ... okay on input line 4.
LaTeX Font Info:    Checking defaults for OT1/cmr/m/n on input line 4.
LaTeX Font Info:    ... okay on input line 4.
LaTeX Font Info:    Checking defaults for OMS/cmsy/m/n on input line 4.
LaTeX Font Info:    ... okay on input line 4.
LaTeX Font Info:    Checking defaults for OMX/cmex/m/n on input line 4.
LaTeX Font Info:    ... okay on input line 4.
LaTeX Font Info:    Checking defaults for U/cmr/m/n on input line 4.
LaTeX Font Info:    ... okay on input line 4.

("C:\Program Files\MiKTeX 2.9\tex\context\base\supp-pdf.mkii"
[Loading MPS to PDF converter (version 2006.09.02).]
\scratchcounter=\count100
\scratchdimen=\dimen114
\scratchbox=\box28
\nofMPsegments=\count101
\nofMParguments=\count102
\everyMPshowfont=\toks20
\MPscratchCnt=\count103
\MPscratchDim=\dimen115
\MPnumerator=\count104
\makeMPintoPDFobject=\count105
\everyMPtoPDFconversion=\toks21
) <ALU.png, id=1, 315.42844pt x 512.66531pt>
File: ALU.png Graphic file (type png)
 <use ALU.png>
Package pdftex.def Info: ALU.png used on input line 7.
(pdftex.def)             Requested size: 227.62204pt x 369.95575pt.

<EXOVER.png, id=3, 800.23969pt x 535.2497pt> [1

{C:/ProgramData/MiKTeX/2.9/pdftex/config/pdftex.map} <C:/Users/Stern/Dropbox/Sp
ring_2014/CS4220-SP2014/3410proj/ALU.png>]
File: EXOVER.png Graphic file (type png)
 <use EXOVER.png>
Package pdftex.def Info: EXOVER.png used on input line 13.
(pdftex.def)             Requested size: 483.69684pt x 323.52896pt.

Overfull \hbox (153.69684pt too wide) in paragraph at lines 13--14
[][] 
 []

<Forward1.png, id=11, 234.8775pt x 343.2825pt>
File: Forward1.png Graphic file (type png)
 <use Forward1.png>
Package pdftex.def Info: Forward1.png used on input line 16.
(pdftex.def)             Requested size: 234.87692pt x 343.28165pt.
 [2 <C:/Users/Stern/Dropbox/Spring_2014/CS4220-SP2014/3410proj/EXOVER.png>]
<Forward2.png, id=16, 519.44063pt x 328.97906pt>
File: Forward2.png Graphic file (type png)
 <use Forward2.png>
Package pdftex.def Info: Forward2.png used on input line 19.
(pdftex.def)             Requested size: 519.43936pt x 328.97826pt.

Overfull \hbox (189.43936pt too wide) in paragraph at lines 19--21
[][]
 []

[3 <C:/Users/Stern/Dropbox/Spring_2014/CS4220-SP2014/3410proj/Forward1.png>]
<Immediate.png, id=22, 199.49532pt x 104.64093pt>
File: Immediate.png Graphic file (type png)
 <use Immediate.png>
Package pdftex.def Info: Immediate.png used on input line 23.
(pdftex.def)             Requested size: 199.49481pt x 104.64066pt.
 [4 <C:/Users/Stern/Dropbox/Spring_2014/CS4220-SP2014/3410proj/Forward2.png>]
<Code.png, id=27, 496.10344pt x 95.6072pt>
File: Code.png Graphic file (type png)
 <use Code.png>
Package pdftex.def Info: Code.png used on input line 27.
(pdftex.def)             Requested size: 496.10222pt x 95.60695pt.

Overfull \hbox (151.10222pt too wide) in paragraph at lines 27--29
[]
 []

<OUTPUT.png, id=28, 405.76593pt x 190.46156pt>
File: OUTPUT.png Graphic file (type png)
 <use OUTPUT.png>
Package pdftex.def Info: OUTPUT.png used on input line 31.
(pdftex.def)             Requested size: 405.76494pt x 190.46107pt.

Overfull \hbox (60.76494pt too wide) in paragraph at lines 31--33
[]
 []

[5 <C:/Users/Stern/Dropbox/Spring_2014/CS4220-SP2014/3410proj/Immediate.png> <C
:/Users/Stern/Dropbox/Spring_2014/CS4220-SP2014/3410proj/Code.png>]
LaTeX Font Info:    Try loading font information for OMS+cmr on input line 35.

("C:\Program Files\MiKTeX 2.9\tex\latex\base\omscmr.fd"
File: omscmr.fd 1999/05/25 v2.5h Standard LaTeX font definitions
)
LaTeX Font Info:    Font shape `OMS/cmr/m/n' in size <10> not available
(Font)              Font shape `OMS/cmsy/m/n' tried instead on input line 35.

<MOV.png, id=34, 190.46156pt x 68.50594pt>
File: MOV.png Graphic file (type png)
 <use MOV.png>
Package pdftex.def Info: MOV.png used on input line 42.
(pdftex.def)             Requested size: 190.46107pt x 68.50577pt.
 [6 <C:/Users/Stern/Dropbox/Spring_2014/CS4220-SP2014/3410proj/OUTPUT.png> <C:/
Users/Stern/Dropbox/Spring_2014/CS4220-SP2014/3410proj/MOV.png>] [7]
(C:\Users\Stern\Dropbox\Spring_2014\CS4220-SP2014\3410proj\ex.aux) ) 
Here is how much of TeX's memory you used:
 1767 strings out of 493921
 22267 string characters out of 3147282
 77360 words of memory out of 3000000
 5083 multiletter control sequences out of 15000+200000
 5612 words of font info for 21 fonts, out of 3000000 for 9000
 841 hyphenation exceptions out of 8191
 27i,5n,20p,561b,184s stack positions out of 5000i,500n,10000p,200000b,50000s
<C:/Program
 Files/MiKTeX 2.9/fonts/type1/public/amsfonts/cm/cmbx10.pfb><C:/Program Files/M
iKTeX 2.9/fonts/type1/public/amsfonts/cm/cmbx12.pfb><C:/Program Files/MiKTeX 2.
9/fonts/type1/public/amsfonts/cm/cmr10.pfb><C:/Program Files/MiKTeX 2.9/fonts/t
ype1/public/amsfonts/cm/cmsy10.pfb>
Output written on ex.pdf (7 pages, 129489 bytes).
PDF statistics:
 59 PDF objects out of 1000 (max. 8388607)
 0 named destinations out of 1000 (max. 500000)
 41 words of extra memory for PDF output out of 10000 (max. 10000000)

