This is pdfTeX, Version 3.1415926-2.4-1.40.13 (MiKTeX 2.9 64-bit) (preloaded format=pdflatex 2013.8.28)  28 MAR 2014 01:03
entering extended mode
**designdoc.tex

(C:\Users\Stern\Dropbox\Spring_2014\CS4220-SP2014\3410proj\DesignDoc\designdoc.
tex
LaTeX2e <2011/06/27>
Babel <v3.8m> and hyphenation patterns for english, afrikaans, ancientgreek, ar
abic, armenian, assamese, basque, bengali, bokmal, bulgarian, catalan, coptic, 
croatian, czech, danish, dutch, esperanto, estonian, farsi, finnish, french, ga
lician, german, german-x-2012-05-30, greek, gujarati, hindi, hungarian, iceland
ic, indonesian, interlingua, irish, italian, kannada, kurmanji, latin, latvian,
 lithuanian, malayalam, marathi, mongolian, mongolianlmc, monogreek, ngerman, n
german-x-2012-05-30, nynorsk, oriya, panjabi, pinyin, polish, portuguese, roman
ian, russian, sanskrit, serbian, slovak, slovenian, spanish, swedish, swissgerm
an, tamil, telugu, turkish, turkmen, ukenglish, ukrainian, uppersorbian, usengl
ishmax, welsh, loaded.
("C:\Program Files\MiKTeX 2.9\tex\latex\base\article.cls"
Document Class: article 2007/10/19 v1.4h Standard LaTeX document class
("C:\Program Files\MiKTeX 2.9\tex\latex\base\size10.clo"
File: size10.clo 2007/10/19 v1.4h Standard LaTeX file (size option)
)
\c@part=\count79
\c@section=\count80
\c@subsection=\count81
\c@subsubsection=\count82
\c@paragraph=\count83
\c@subparagraph=\count84
\c@figure=\count85
\c@table=\count86
\abovecaptionskip=\skip41
\belowcaptionskip=\skip42
\bibindent=\dimen102
)
("C:\Program Files\MiKTeX 2.9\tex\latex\amsmath\amsmath.sty"
Package: amsmath 2013/01/14 v2.14 AMS math features
\@mathmargin=\skip43

For additional information on amsmath, use the `?' option.
("C:\Program Files\MiKTeX 2.9\tex\latex\amsmath\amstext.sty"
Package: amstext 2000/06/29 v2.01

("C:\Program Files\MiKTeX 2.9\tex\latex\amsmath\amsgen.sty"
File: amsgen.sty 1999/11/30 v2.0
\@emptytoks=\toks14
\ex@=\dimen103
))
("C:\Program Files\MiKTeX 2.9\tex\latex\amsmath\amsbsy.sty"
Package: amsbsy 1999/11/29 v1.2d
\pmbraise@=\dimen104
)
("C:\Program Files\MiKTeX 2.9\tex\latex\amsmath\amsopn.sty"
Package: amsopn 1999/12/14 v2.01 operator names
)
\inf@bad=\count87
LaTeX Info: Redefining \frac on input line 210.
\uproot@=\count88
\leftroot@=\count89
LaTeX Info: Redefining \overline on input line 306.
\classnum@=\count90
\DOTSCASE@=\count91
LaTeX Info: Redefining \ldots on input line 378.
LaTeX Info: Redefining \dots on input line 381.
LaTeX Info: Redefining \cdots on input line 466.
\Mathstrutbox@=\box26
\strutbox@=\box27
\big@size=\dimen105
LaTeX Font Info:    Redeclaring font encoding OML on input line 566.
LaTeX Font Info:    Redeclaring font encoding OMS on input line 567.
\macc@depth=\count92
\c@MaxMatrixCols=\count93
\dotsspace@=\muskip10
\c@parentequation=\count94
\dspbrk@lvl=\count95
\tag@help=\toks15
\row@=\count96
\column@=\count97
\maxfields@=\count98
\andhelp@=\toks16
\eqnshift@=\dimen106
\alignsep@=\dimen107
\tagshift@=\dimen108
\tagwidth@=\dimen109
\totwidth@=\dimen110
\lineht@=\dimen111
\@envbody=\toks17
\multlinegap=\skip44
\multlinetaggap=\skip45
\mathdisplay@stack=\toks18
LaTeX Info: Redefining \[ on input line 2665.
LaTeX Info: Redefining \] on input line 2666.
)
("C:\Program Files\MiKTeX 2.9\tex\latex\graphics\graphicx.sty"
Package: graphicx 1999/02/16 v1.0f Enhanced LaTeX Graphics (DPC,SPQR)

("C:\Program Files\MiKTeX 2.9\tex\latex\graphics\keyval.sty"
Package: keyval 1999/03/16 v1.13 key=value parser (DPC)
\KV@toks@=\toks19
)
("C:\Program Files\MiKTeX 2.9\tex\latex\graphics\graphics.sty"
Package: graphics 2009/02/05 v1.0o Standard LaTeX Graphics (DPC,SPQR)

("C:\Program Files\MiKTeX 2.9\tex\latex\graphics\trig.sty"
Package: trig 1999/03/16 v1.09 sin cos tan (DPC)
)
("C:\Program Files\MiKTeX 2.9\tex\latex\00miktex\graphics.cfg"
File: graphics.cfg 2007/01/18 v1.5 graphics configuration of teTeX/TeXLive
)
Package graphics Info: Driver file: pdftex.def on input line 91.

("C:\Program Files\MiKTeX 2.9\tex\latex\pdftex-def\pdftex.def"
File: pdftex.def 2011/05/27 v0.06d Graphics/color for pdfTeX

("C:\Program Files\MiKTeX 2.9\tex\generic\oberdiek\infwarerr.sty"
Package: infwarerr 2010/04/08 v1.3 Providing info/warning/error messages (HO)
)
("C:\Program Files\MiKTeX 2.9\tex\generic\oberdiek\ltxcmds.sty"
Package: ltxcmds 2011/11/09 v1.22 LaTeX kernel commands for general use (HO)
)
\Gread@gobject=\count99
))
\Gin@req@height=\dimen112
\Gin@req@width=\dimen113
)
("C:\Program Files\MiKTeX 2.9\tex\latex\wrapfig\wrapfig.sty"
\wrapoverhang=\dimen114
\WF@size=\dimen115
\c@WF@wrappedlines=\count100
\WF@box=\box28
\WF@everypar=\toks20
Package: wrapfig 2003/01/31  v 3.6
)
("C:\Program Files\MiKTeX 2.9\tex\latex\geometry\geometry.sty"
Package: geometry 2010/09/12 v5.6 Page Geometry

("C:\Program Files\MiKTeX 2.9\tex\generic\oberdiek\ifpdf.sty"
Package: ifpdf 2011/01/30 v2.3 Provides the ifpdf switch (HO)
Package ifpdf Info: pdfTeX in PDF mode is detected.
)
("C:\Program Files\MiKTeX 2.9\tex\generic\oberdiek\ifvtex.sty"
Package: ifvtex 2010/03/01 v1.5 Detect VTeX and its facilities (HO)
Package ifvtex Info: VTeX not detected.
)
("C:\Program Files\MiKTeX 2.9\tex\generic\ifxetex\ifxetex.sty"
Package: ifxetex 2010/09/12 v0.6 Provides ifxetex conditional
)
\Gm@cnth=\count101
\Gm@cntv=\count102
\c@Gm@tempcnt=\count103
\Gm@bindingoffset=\dimen116
\Gm@wd@mp=\dimen117
\Gm@odd@mp=\dimen118
\Gm@even@mp=\dimen119
\Gm@layoutwidth=\dimen120
\Gm@layoutheight=\dimen121
\Gm@layouthoffset=\dimen122
\Gm@layoutvoffset=\dimen123
\Gm@dimlist=\toks21

("C:\Program Files\MiKTeX 2.9\tex\latex\geometry\geometry.cfg"))
(C:\Users\Stern\Dropbox\Spring_2014\CS4220-SP2014\3410proj\DesignDoc\designdoc.
aux)
LaTeX Font Info:    Checking defaults for OML/cmm/m/it on input line 8.
LaTeX Font Info:    ... okay on input line 8.
LaTeX Font Info:    Checking defaults for T1/cmr/m/n on input line 8.
LaTeX Font Info:    ... okay on input line 8.
LaTeX Font Info:    Checking defaults for OT1/cmr/m/n on input line 8.
LaTeX Font Info:    ... okay on input line 8.
LaTeX Font Info:    Checking defaults for OMS/cmsy/m/n on input line 8.
LaTeX Font Info:    ... okay on input line 8.
LaTeX Font Info:    Checking defaults for OMX/cmex/m/n on input line 8.
LaTeX Font Info:    ... okay on input line 8.
LaTeX Font Info:    Checking defaults for U/cmr/m/n on input line 8.
LaTeX Font Info:    ... okay on input line 8.
 ("C:\Program Files\MiKTeX 2.9\tex\context\base\supp-pdf.mkii"
[Loading MPS to PDF converter (version 2006.09.02).]
\scratchcounter=\count104
\scratchdimen=\dimen124
\scratchbox=\box29
\nofMPsegments=\count105
\nofMParguments=\count106
\everyMPshowfont=\toks22
\MPscratchCnt=\count107
\MPscratchDim=\dimen125
\MPnumerator=\count108
\makeMPintoPDFobject=\count109
\everyMPtoPDFconversion=\toks23
)
*geometry* driver: auto-detecting
*geometry* detected driver: pdftex
*geometry* verbose mode - [ preamble ] result:
* driver: pdftex
* paper: <default>
* layout: <same size as paper>
* layoutoffset:(h,v)=(0.0pt,0.0pt)
* modes: 
* h-part:(L,W,R)=(65.04256pt, 484.20988pt, 65.04256pt)
* v-part:(T,H,B)=(65.04256pt, 664.88487pt, 65.04256pt)
* \paperwidth=614.295pt
* \paperheight=794.96999pt
* \textwidth=484.20988pt
* \textheight=664.88487pt
* \oddsidemargin=-7.22743pt
* \evensidemargin=-7.22743pt
* \topmargin=-44.22743pt
* \headheight=12.0pt
* \headsep=25.0pt
* \topskip=10.0pt
* \footskip=30.0pt
* \marginparwidth=65.0pt
* \marginparsep=11.0pt
* \columnsep=10.0pt
* \skip\footins=9.0pt plus 4.0pt minus 2.0pt
* \hoffset=0.0pt
* \voffset=0.0pt
* \mag=1000
* \@twocolumnfalse
* \@twosidefalse
* \@mparswitchfalse
* \@reversemarginfalse
* (1in=72.27pt=25.4mm, 1cm=28.453pt)


Underfull \hbox (badness 10000) in paragraph at lines 13--14

 []

<pipeline.png, id=1, 290.88675pt x 215.6055pt>
File: pipeline.png Graphic file (type png)
 <use pipeline.png>
Package pdftex.def Info: pipeline.png used on input line 17.
(pdftex.def)             Requested size: 378.15273pt x 280.28711pt.
 [1

{C:/ProgramData/MiKTeX/2.9/pdftex/config/pdftex.map} <C:/Users/Stern/Dropbox/Sp
ring_2014/CS4220-SP2014/3410proj/DesignDoc/pipeline.png>]
<isolator34.png, id=13, 347.79938pt x 596.98032pt>
File: isolator34.png Graphic file (type png)
 <use isolator34.png>
Package pdftex.def Info: isolator34.png used on input line 25.
(pdftex.def)             Requested size: 191.29024pt x 328.34018pt.

Overfull \hbox (21.81383pt too wide) in paragraph at lines 25--25
 [] 
 []


Underfull \hbox (badness 10000) in paragraph at lines 21--29

 []

<Overview.png, id=14, 1019.30812pt x 593.21625pt>
File: Overview.png Graphic file (type png)
 <use Overview.png>
Package pdftex.def Info: Overview.png used on input line 50.
(pdftex.def)             Requested size: 407.71602pt x 237.28229pt.
 [2 <C:/Users/Stern/Dropbox/Spring_2014/CS4220-SP2014/3410proj/DesignDoc/isolat
or34.png> <C:/Users/Stern/Dropbox/Spring_2014/CS4220-SP2014/3410proj/DesignDoc/
Overview.png>] <Fetch.png, id=20, 204.765pt x 246.9225pt>
File: Fetch.png Graphic file (type png)
 <use Fetch.png>
Package pdftex.def Info: Fetch.png used on input line 61.
(pdftex.def)             Requested size: 163.8122pt x 197.53824pt.

<Incrementer.png, id=21, 286.06876pt x 73.4745pt>
File: Incrementer.png Graphic file (type png)
 <use Incrementer.png>
Package pdftex.def Info: Incrementer.png used on input line 75.
(pdftex.def)             Requested size: 242.10493pt x 62.18341pt.

<FetchBranch.png, id=22, 291.489pt x 163.812pt>
File: FetchBranch.png Graphic file (type png)
 <use FetchBranch.png>
Package pdftex.def Info: FetchBranch.png used on input line 86.
(pdftex.def)             Requested size: 203.36726pt x 114.29016pt.
LaTeX Font Info:    Try loading font information for OMS+cmr on input line 97.

("C:\Program Files\MiKTeX 2.9\tex\latex\base\omscmr.fd"
File: omscmr.fd 1999/05/25 v2.5h Standard LaTeX font definitions
)
LaTeX Font Info:    Font shape `OMS/cmr/m/n' in size <10> not available
(Font)              Font shape `OMS/cmsy/m/n' tried instead on input line 97.
 [3 <C:/Users/Stern/Dropbox/Spring_2014/CS4220-SP2014/3410proj/DesignDoc/Fetch.
png> <C:/Users/Stern/Dropbox/Spring_2014/CS4220-SP2014/3410proj/DesignDoc/Incre
menter.png> <C:/Users/Stern/Dropbox/Spring_2014/CS4220-SP2014/3410proj/DesignDo
c/FetchBranch.png>]
<DecodeOut.png, id=30, 245.718pt x 273.4215pt>
File: DecodeOut.png Graphic file (type png)
 <use DecodeOut.png>
Package pdftex.def Info: DecodeOut.png used on input line 114.
(pdftex.def)             Requested size: 203.36726pt x 226.3056pt.

<Split.png, id=31, 325.215pt x 127.677pt>
File: Split.png Graphic file (type png)
 <use Split.png>
Package pdftex.def Info: Split.png used on input line 149.
(pdftex.def)             Requested size: 195.1305pt x 76.60678pt.

Overfull \hbox (1.44951pt too wide) in paragraph at lines 149--149
 [] 
 []

[4 <C:/Users/Stern/Dropbox/Spring_2014/CS4220-SP2014/3410proj/DesignDoc/DecodeO
ut.png> <C:/Users/Stern/Dropbox/Spring_2014/CS4220-SP2014/3410proj/DesignDoc/Sp
lit.png>] [5] <Decoder.png, id=42, 654.64575pt x 531.78674pt>
File: Decoder.png Graphic file (type png)

<use Decoder.png>
Package pdftex.def Info: Decoder.png used on input line 270.
(pdftex.def)             Requested size: 305.05458pt x 247.80571pt.

Overfull \hbox (14.5257pt too wide) in paragraph at lines 270--270
 [] 
 []


Underfull \hbox (badness 10000) in paragraph at lines 266--274

 []

[6 <C:/Users/Stern/Dropbox/Spring_2014/CS4220-SP2014/3410proj/DesignDoc/Decoder
.png>] <BitExtend.png, id=48, 417.35925pt x 255.95625pt>
File: BitExtend.png Graphic file (type png)
 <use BitExtend.png>
Package pdftex.def Info: BitExtend.png used on input line 291.
(pdftex.def)             Requested size: 290.52888pt x 178.18002pt.

<JumpDisable.png, id=49, 274.626pt x 222.8325pt>
File: JumpDisable.png Graphic file (type png)
 <use JumpDisable.png>
Package pdftex.def Info: JumpDisable.png used on input line 320.
(pdftex.def)             Requested size: 193.68098pt x 157.15134pt.

Underfull \hbox (badness 10000) in paragraph at lines 341--342

 []


Underfull \hbox (badness 10000) in paragraph at lines 343--344

 []


Underfull \hbox (badness 10000) in paragraph at lines 345--346

 []

[7 <C:/Users/Stern/Dropbox/Spring_2014/CS4220-SP2014/3410proj/DesignDoc/BitExte
nd.png> <C:/Users/Stern/Dropbox/Spring_2014/CS4220-SP2014/3410proj/DesignDoc/Ju
mpDisable.png>] <ALU.png, id=56, 240.9pt x 542.77782pt>
File: ALU.png Graphic file (type png)
 <use ALU.png>
Package pdftex.def Info: ALU.png used on input line 357.
(pdftex.def)             Requested size: 111.3662pt x 250.91486pt.

<EXOVER.png, id=57, 1050.92625pt x 688.82344pt>
File: EXOVER.png Graphic file (type png)
 <use EXOVER.png>
Package pdftex.def Info: EXOVER.png used on input line 366.
(pdftex.def)             Requested size: 398.33858pt x 261.08295pt.
 [8 <C:/Users/Stern/Dropbox/Spring_2014/CS4220-SP2014/3410proj/DesignDoc/ALU.pn
g> <C:/Users/Stern/Dropbox/Spring_2014/CS4220-SP2014/3410proj/DesignDoc/EXOVER.
png>]
<Forward1.png, id=63, 234.8775pt x 343.2825pt>
File: Forward1.png Graphic file (type png)
 <use Forward1.png>
Package pdftex.def Info: Forward1.png used on input line 377.
(pdftex.def)             Requested size: 130.73872pt x 191.07927pt.

<Forward2.png, id=64, 584.93532pt x 264.99pt>
File: Forward2.png Graphic file (type png)
 <use Forward2.png>
Package pdftex.def Info: Forward2.png used on input line 384.
(pdftex.def)             Requested size: 314.73346pt x 142.58704pt.

Underfull \hbox (badness 10000) in paragraph at lines 386--387

 []

<Immediate.png, id=65, 199.49532pt x 104.64093pt>
File: Immediate.png Graphic file (type png)
 <use Immediate.png>
Package pdftex.def Info: Immediate.png used on input line 394.
(pdftex.def)             Requested size: 145.26443pt x 76.19882pt.

Underfull \hbox (badness 10000) in paragraph at lines 399--401

 []

<Immediate2.png, id=66, 175.40532pt x 111.41624pt>
File: Immediate2.png Graphic file (type png)
 <use Immediate2.png>
Package pdftex.def Info: Immediate2.png used on input line 405.
(pdftex.def)             Requested size: 135.57817pt x 86.12398pt.

[9 <C:/Users/Stern/Dropbox/Spring_2014/CS4220-SP2014/3410proj/DesignDoc/Forward
1.png> <C:/Users/Stern/Dropbox/Spring_2014/CS4220-SP2014/3410proj/DesignDoc/For
ward2.png> <C:/Users/Stern/Dropbox/Spring_2014/CS4220-SP2014/3410proj/DesignDoc
/Immediate.png> <C:/Users/Stern/Dropbox/Spring_2014/CS4220-SP2014/3410proj/Desi
gnDoc/Immediate2.png>] <Compare.png, id=73, 882.29625pt x 349.305pt>
File: Compare.png Graphic file (type png)

<use Compare.png>
Package pdftex.def Info: Compare.png used on input line 420.
(pdftex.def)             Requested size: 435.78593pt x 172.53073pt.

Underfull \hbox (badness 10000) in paragraph at lines 423--425

 []

[10 <C:/Users/Stern/Dropbox/Spring_2014/CS4220-SP2014/3410proj/DesignDoc/Compar
e.png>] <Jump.png, id=78, 451.6875pt x 255.95625pt>
File: Jump.png Graphic file (type png)
 <use Jump.png>
Package pdftex.def Info: Jump.png used on input line 461.
(pdftex.def)             Requested size: 290.52888pt x 164.64331pt.

Underfull \hbox (badness 10000) in paragraph at lines 457--465

 []


Underfull \hbox (badness 10000) in paragraph at lines 486--487

 []


Underfull \hbox (badness 10000) in paragraph at lines 488--489

 []


Underfull \hbox (badness 10000) in paragraph at lines 490--491

 []

[11 <C:/Users/Stern/Dropbox/Spring_2014/CS4220-SP2014/3410proj/DesignDoc/Jump.p
ng>]
Underfull \hbox (badness 10000) in paragraph at lines 492--493

 []


Underfull \hbox (badness 10000) in paragraph at lines 494--495

 []


Underfull \hbox (badness 10000) in paragraph at lines 496--497

 []

<MemOver.png, id=83, 276.28218pt x 310.15875pt>
File: MemOver.png Graphic file (type png)
 <use MemOver.png>
Package pdftex.def Info: MemOver.png used on input line 504.
(pdftex.def)             Requested size: 193.68098pt x 217.42673pt.

<MemHelp.png, id=84, 423.83344pt x 310.91156pt>
File: MemHelp.png Graphic file (type png)
 <use MemHelp.png>
Package pdftex.def Info: MemHelp.png used on input line 527.
(pdftex.def)             Requested size: 290.52888pt x 213.12967pt.

<ByteExtract.png, id=85, 648.92438pt x 264.23718pt>
File: ByteExtract.png Graphic file (type png)
 <use ByteExtract.png>
Package pdftex.def Info: ByteExtract.png used on input line 538.
(pdftex.def)             Requested size: 435.78593pt x 177.45328pt.

[12 <C:/Users/Stern/Dropbox/Spring_2014/CS4220-SP2014/3410proj/DesignDoc/MemOve
r.png> <C:/Users/Stern/Dropbox/Spring_2014/CS4220-SP2014/3410proj/DesignDoc/Mem
Help.png>] <Linking.png, id=91, 303.38344pt x 179.92218pt>
File: Linking.png Graphic file (type png)
 <use Linking.png>
Package pdftex.def Info: Linking.png used on input line 549.
(pdftex.def)             Requested size: 193.68098pt x 114.86427pt.

<Disable.png, id=92, 746.79pt x 72.27pt>
File: Disable.png Graphic file (type png)
 <use Disable.png>
Package pdftex.def Info: Disable.png used on input line 561.
(pdftex.def)             Requested size: 435.78593pt x 42.17245pt.
 [13 <C:/Users/Stern/Dropbox/Spring_2014/CS4220-SP2014/3410proj/DesignDoc/ByteE
xtract.png> <C:/Users/Stern/Dropbox/Spring_2014/CS4220-SP2014/3410proj/DesignDo
c/Linking.png> <C:/Users/Stern/Dropbox/Spring_2014/CS4220-SP2014/3410proj/Desig
nDoc/Disable.png>]
Underfull \hbox (badness 10000) in paragraph at lines 600--601

 []


Underfull \hbox (badness 10000) in paragraph at lines 602--603

 []


Underfull \hbox (badness 10000) in paragraph at lines 604--605

 []

[14]
Underfull \hbox (badness 10000) in paragraph at lines 606--607

 []


Underfull \hbox (badness 10000) in paragraph at lines 608--609

 []

[15]
(C:\Users\Stern\Dropbox\Spring_2014\CS4220-SP2014\3410proj\DesignDoc\designdoc.
aux) ) 
Here is how much of TeX's memory you used:
 2442 strings out of 493921
 32265 string characters out of 3147282
 122036 words of memory out of 3000000
 5706 multiletter control sequences out of 15000+200000
 10814 words of font info for 39 fonts, out of 3000000 for 9000
 841 hyphenation exceptions out of 8191
 27i,7n,32p,742b,228s stack positions out of 5000i,500n,10000p,200000b,50000s
<C:/Program Files/MiKTeX 2.9/fonts/type1/public/amsfonts/cm/cmbx10.pfb><C
:/Program Files/MiKTeX 2.9/fonts/type1/public/amsfonts/cm/cmbx12.pfb><C:/Progra
m Files/MiKTeX 2.9/fonts/type1/public/amsfonts/cm/cmbx9.pfb><C:/Program Files/M
iKTeX 2.9/fonts/type1/public/amsfonts/cm/cmr10.pfb><C:/Program Files/MiKTeX 2.9
/fonts/type1/public/amsfonts/cm/cmr12.pfb><C:/Program Files/MiKTeX 2.9/fonts/ty
pe1/public/amsfonts/cm/cmr17.pfb><C:/Program Files/MiKTeX 2.9/fonts/type1/publi
c/amsfonts/cm/cmr9.pfb><C:/Program Files/MiKTeX 2.9/fonts/type1/public/amsfonts
/cm/cmsy10.pfb><C:/Program Files/MiKTeX 2.9/fonts/type1/public/amsfonts/cm/cmti
10.pfb>
Output written on designdoc.pdf (15 pages, 430003 bytes).
PDF statistics:
 135 PDF objects out of 1000 (max. 8388607)
 0 named destinations out of 1000 (max. 500000)
 121 words of extra memory for PDF output out of 10000 (max. 10000000)

